<?xml version="1.0" encoding="UTF-8"?>
<!-- Generated by org.testng.reporters.JUnitXMLReporter -->
<testsuite hostname="MSI" ignored="0" name="Default test" tests="4" failures="0" timestamp="2020-09-16T21:01:39 CDT" time="34.523" errors="0">
  <testcase name="loginTest" time="4.426" classname="com.syntax.practice.TestLogin"/>
  <testcase name="negativeLoginTest" time="0.76" classname="com.syntax.practice.TestLogin"/>
  <testcase name="negativeLoginTest" time="0.457" classname="com.syntax.practice.TestLogin"/>
  <testcase name="negativeLoginTest" time="0.254" classname="com.syntax.practice.TestLogin"/>
</testsuite> <!-- Default test -->
