<?xml version="1.0" encoding="UTF-8"?>
<testng-results skipped="0" failed="0" ignored="0" total="4" passed="4">
  <reporter-output>
  </reporter-output>
  <suite name="Default suite" duration-ms="34523" started-at="2020-09-16T21:01:04 CDT" finished-at="2020-09-16T21:01:39 CDT">
    <groups>
    </groups>
    <test name="Default test" duration-ms="34523" started-at="2020-09-16T21:01:04 CDT" finished-at="2020-09-16T21:01:39 CDT">
      <class name="com.syntax.practice.TestLogin">
        <test-method status="PASS" signature="setUp()[pri:0, instance:com.syntax.practice.TestLogin@23faf8f2]" name="setUp" is-config="true" duration-ms="7203" started-at="2020-09-16T21:01:04 CDT" finished-at="2020-09-16T21:01:11 CDT">
          <reporter-output>
          </reporter-output>
        </test-method> <!-- setUp -->
        <test-method status="PASS" signature="loginTest()[pri:0, instance:com.syntax.practice.TestLogin@23faf8f2]" name="loginTest" duration-ms="4426" started-at="2020-09-16T21:01:11 CDT" finished-at="2020-09-16T21:01:16 CDT">
          <reporter-output>
          </reporter-output>
        </test-method> <!-- loginTest -->
        <test-method status="PASS" signature="tearDown()[pri:0, instance:com.syntax.practice.TestLogin@23faf8f2]" name="tearDown" is-config="true" duration-ms="662" started-at="2020-09-16T21:01:16 CDT" finished-at="2020-09-16T21:01:16 CDT">
          <reporter-output>
          </reporter-output>
        </test-method> <!-- tearDown -->
        <test-method status="PASS" signature="setUp()[pri:0, instance:com.syntax.practice.TestLogin@23faf8f2]" name="setUp" is-config="true" duration-ms="6083" started-at="2020-09-16T21:01:16 CDT" finished-at="2020-09-16T21:01:22 CDT">
          <reporter-output>
          </reporter-output>
        </test-method> <!-- setUp -->
        <test-method status="PASS" signature="negativeLoginTest(java.lang.String, java.lang.String, java.lang.String)[pri:0, instance:com.syntax.practice.TestLogin@23faf8f2]" name="negativeLoginTest" duration-ms="760" started-at="2020-09-16T21:01:22 CDT" data-provider="data" finished-at="2020-09-16T21:01:23 CDT">
          <params>
            <param index="0">
              <value>
                <![CDATA[Admin]]>
              </value>
            </param>
            <param index="1">
              <value>
                <![CDATA[admin12]]>
              </value>
            </param>
            <param index="2">
              <value>
                <![CDATA[Invalid credentials]]>
              </value>
            </param>
          </params>
          <reporter-output>
          </reporter-output>
        </test-method> <!-- negativeLoginTest -->
        <test-method status="PASS" signature="tearDown()[pri:0, instance:com.syntax.practice.TestLogin@23faf8f2]" name="tearDown" is-config="true" duration-ms="633" started-at="2020-09-16T21:01:23 CDT" finished-at="2020-09-16T21:01:24 CDT">
          <reporter-output>
          </reporter-output>
        </test-method> <!-- tearDown -->
        <test-method status="PASS" signature="setUp()[pri:0, instance:com.syntax.practice.TestLogin@23faf8f2]" name="setUp" is-config="true" duration-ms="6072" started-at="2020-09-16T21:01:24 CDT" finished-at="2020-09-16T21:01:30 CDT">
          <reporter-output>
          </reporter-output>
        </test-method> <!-- setUp -->
        <test-method status="PASS" signature="negativeLoginTest(java.lang.String, java.lang.String, java.lang.String)[pri:0, instance:com.syntax.practice.TestLogin@23faf8f2]" name="negativeLoginTest" duration-ms="457" started-at="2020-09-16T21:01:30 CDT" data-provider="data" finished-at="2020-09-16T21:01:30 CDT">
          <params>
            <param index="0">
              <value>
                <![CDATA[Admi]]>
              </value>
            </param>
            <param index="1">
              <value>
                <![CDATA[admin123]]>
              </value>
            </param>
            <param index="2">
              <value>
                <![CDATA[Invalid credentials]]>
              </value>
            </param>
          </params>
          <reporter-output>
          </reporter-output>
        </test-method> <!-- negativeLoginTest -->
        <test-method status="PASS" signature="tearDown()[pri:0, instance:com.syntax.practice.TestLogin@23faf8f2]" name="tearDown" is-config="true" duration-ms="1125" started-at="2020-09-16T21:01:30 CDT" finished-at="2020-09-16T21:01:32 CDT">
          <reporter-output>
          </reporter-output>
        </test-method> <!-- tearDown -->
        <test-method status="PASS" signature="setUp()[pri:0, instance:com.syntax.practice.TestLogin@23faf8f2]" name="setUp" is-config="true" duration-ms="6143" started-at="2020-09-16T21:01:32 CDT" finished-at="2020-09-16T21:01:38 CDT">
          <reporter-output>
          </reporter-output>
        </test-method> <!-- setUp -->
        <test-method status="PASS" signature="negativeLoginTest(java.lang.String, java.lang.String, java.lang.String)[pri:0, instance:com.syntax.practice.TestLogin@23faf8f2]" name="negativeLoginTest" duration-ms="254" started-at="2020-09-16T21:01:38 CDT" data-provider="data" finished-at="2020-09-16T21:01:38 CDT">
          <params>
            <param index="0">
              <value>
                <![CDATA[Admin]]>
              </value>
            </param>
            <param index="1">
              <value>
                <![CDATA[]]>
              </value>
            </param>
            <param index="2">
              <value>
                <![CDATA[Password cannot be empty]]>
              </value>
            </param>
          </params>
          <reporter-output>
          </reporter-output>
        </test-method> <!-- negativeLoginTest -->
        <test-method status="PASS" signature="tearDown()[pri:0, instance:com.syntax.practice.TestLogin@23faf8f2]" name="tearDown" is-config="true" duration-ms="655" started-at="2020-09-16T21:01:38 CDT" finished-at="2020-09-16T21:01:39 CDT">
          <reporter-output>
          </reporter-output>
        </test-method> <!-- tearDown -->
      </class> <!-- com.syntax.practice.TestLogin -->
    </test> <!-- Default test -->
  </suite> <!-- Default suite -->
</testng-results>
